<?xml version="1.0" encoding="UTF-8"?>
<!-- Generated by org.testng.reporters.JUnitReportReporter -->
<testsuite hostname="DESKTOP-3E9HTGA" failures="0" tests="1" name="Scripts.ValidateCustomerFeightCharge" time="62.507" errors="0" timestamp="2021-12-28T15:26:54 IST" skipped="0">
  <testcase classname="Scripts.ValidateCustomerFeightCharge" name="validateInvoiceCreation" time="62.507"/>
  <system-out>
    <![CDATA[Added Pickup location
Added Drop Off location
28122021152616
Load Created Successfully]]>
  </system-out>
</testsuite> <!-- Scripts.ValidateCustomerFeightCharge -->
