<?xml version="1.0" encoding="UTF-8"?>
<!-- Generated by org.testng.reporters.JUnitReportReporter -->
<testsuite hostname="DESKTOP-3E9HTGA" failures="0" tests="1" name="Scripts.ValidateCustomerCancelInvoice" time="78.527" errors="0" timestamp="2021-12-28T15:28:32 IST" skipped="0">
  <testcase classname="Scripts.ValidateCustomerCancelInvoice" name="validateInvoiceCreation" time="78.527"/>
  <system-out>
    <![CDATA[Added Pickup location
Added Drop Off location
28122021152738
Load Created Successfully]]>
  </system-out>
</testsuite> <!-- Scripts.ValidateCustomerCancelInvoice -->
