<?xml version="1.0" encoding="UTF-8"?>
<!-- Generated by org.testng.reporters.JUnitReportReporter -->
<testsuite hostname="DESKTOP-3E9HTGA" failures="0" tests="1" name="Scripts.ValidateCarrierInvoice" time="106.505" errors="0" timestamp="2021-12-28T15:11:07 IST" skipped="0">
  <testcase classname="Scripts.ValidateCarrierInvoice" name="validateInvoiceCreation" time="106.505"/>
  <system-out>
    <![CDATA[Added Pickup location
Added Drop Off location
28122021150946
Load Created Successfully]]>
  </system-out>
</testsuite> <!-- Scripts.ValidateCarrierInvoice -->
